[CDH-Ingest][1.2.0][2023-04-14 13:13:06,377][INFO ] application_name: CDH-Ingest (CDHIngest.java:113 - main)
[CDH-Ingest][1.2.0][2023-04-14 13:13:06,380][INFO ] build_version: 1.2.0 (CDHIngest.java:114 - main)
[CDH-Ingest][1.2.0][2023-04-14 13:13:06,763][INFO ] Loading configuration from file:/ingest/etc/gss.xml (ConfigurationLoader.java:156 - main)
[CDH-Ingest][1.2.0][2023-04-14 13:13:06,801][INFO ] Loading Database from configuration ... (DatabaseAccessor.java:43 - main)
[CDH-Ingest][1.2.0][2023-04-14 13:13:06,819][INFO ] HikariPool-1 - Starting... (HikariDataSource.java:80 - main)
[CDH-Ingest][1.2.0][2023-04-14 13:13:06,986][INFO ] HikariPool-1 - Added connection org.postgresql.jdbc.PgConnection@7cf7aee (HikariPool.java:565 - main)
[CDH-Ingest][1.2.0][2023-04-14 13:13:06,988][INFO ] HikariPool-1 - Start completed. (HikariDataSource.java:82 - main)
[CDH-Ingest][1.2.0][2023-04-14 13:13:07,128][INFO ] Loaded Database from configuration. (DatabaseAccessor.java:66 - main)
[CDH-Ingest][1.2.0][2023-04-14 13:13:07,133][INFO ] StoreService initialized with 0 DataStore(s) [] and 0 MetadataStore(s) []. (StoreService.java:231 - main)
[CDH-Ingest][1.2.0][2023-04-14 13:13:07,211][INFO ] ProducerConfig values: 
	acks = -1
	auto.include.jmx.reporter = true
	batch.size = 16384
	bootstrap.servers = [10.144.1.99:9092]
	buffer.memory = 33554432
	client.dns.lookup = use_all_dns_ips
	client.id = producer-1
	compression.type = none
	connections.max.idle.ms = 540000
	delivery.timeout.ms = 120000
	enable.idempotence = true
	interceptor.classes = []
	key.serializer = class org.apache.kafka.common.serialization.StringSerializer
	linger.ms = 0
	max.block.ms = 60000
	max.in.flight.requests.per.connection = 5
	max.request.size = 1048576
	metadata.max.age.ms = 300000
	metadata.max.idle.ms = 300000
	metric.reporters = []
	metrics.num.samples = 2
	metrics.recording.level = INFO
	metrics.sample.window.ms = 30000
	partitioner.adaptive.partitioning.enable = true
	partitioner.availability.timeout.ms = 0
	partitioner.class = null
	partitioner.ignore.keys = false
	receive.buffer.bytes = 32768
	reconnect.backoff.max.ms = 1000
	reconnect.backoff.ms = 50
	request.timeout.ms = 30000
	retries = 2147483647
	retry.backoff.ms = 100
	sasl.client.callback.handler.class = null
	sasl.jaas.config = null
	sasl.kerberos.kinit.cmd = /usr/bin/kinit
	sasl.kerberos.min.time.before.relogin = 60000
	sasl.kerberos.service.name = null
	sasl.kerberos.ticket.renew.jitter = 0.05
	sasl.kerberos.ticket.renew.window.factor = 0.8
	sasl.login.callback.handler.class = null
	sasl.login.class = null
	sasl.login.connect.timeout.ms = null
	sasl.login.read.timeout.ms = null
	sasl.login.refresh.buffer.seconds = 300
	sasl.login.refresh.min.period.seconds = 60
	sasl.login.refresh.window.factor = 0.8
	sasl.login.refresh.window.jitter = 0.05
	sasl.login.retry.backoff.max.ms = 10000
	sasl.login.retry.backoff.ms = 100
	sasl.mechanism = GSSAPI
	sasl.oauthbearer.clock.skew.seconds = 30
	sasl.oauthbearer.expected.audience = null
	sasl.oauthbearer.expected.issuer = null
	sasl.oauthbearer.jwks.endpoint.refresh.ms = 3600000
	sasl.oauthbearer.jwks.endpoint.retry.backoff.max.ms = 10000
	sasl.oauthbearer.jwks.endpoint.retry.backoff.ms = 100
	sasl.oauthbearer.jwks.endpoint.url = null
	sasl.oauthbearer.scope.claim.name = scope
	sasl.oauthbearer.sub.claim.name = sub
	sasl.oauthbearer.token.endpoint.url = null
	security.protocol = PLAINTEXT
	security.providers = null
	send.buffer.bytes = 131072
	socket.connection.setup.timeout.max.ms = 30000
	socket.connection.setup.timeout.ms = 10000
	ssl.cipher.suites = null
	ssl.enabled.protocols = [TLSv1.2, TLSv1.3]
	ssl.endpoint.identification.algorithm = https
	ssl.engine.factory.class = null
	ssl.key.password = null
	ssl.keymanager.algorithm = SunX509
	ssl.keystore.certificate.chain = null
	ssl.keystore.key = null
	ssl.keystore.location = null
	ssl.keystore.password = null
	ssl.keystore.type = JKS
	ssl.protocol = TLSv1.3
	ssl.provider = null
	ssl.secure.random.implementation = null
	ssl.trustmanager.algorithm = PKIX
	ssl.truststore.certificates = null
	ssl.truststore.location = null
	ssl.truststore.password = null
	ssl.truststore.type = JKS
	transaction.timeout.ms = 60000
	transactional.id = null
	value.serializer = class fr.gael.gss.ingest.kafka.KafkaIngestMessageSerializer
 (AbstractConfig.java:376 - main)
[CDH-Ingest][1.2.0][2023-04-14 13:13:07,259][INFO ] [Producer clientId=producer-1] Instantiated an idempotent producer. (KafkaProducer.java:596 - main)
[CDH-Ingest][1.2.0][2023-04-14 13:13:07,320][INFO ] Kafka version: 3.4.0 (AppInfoParser.java:119 - main)
[CDH-Ingest][1.2.0][2023-04-14 13:13:07,321][INFO ] Kafka commitId: 2e1947d240607d53 (AppInfoParser.java:120 - main)
[CDH-Ingest][1.2.0][2023-04-14 13:13:07,321][INFO ] Kafka startTimeMs: 1681477987318 (AppInfoParser.java:121 - main)
[CDH-Ingest][1.2.0][2023-04-14 13:13:07,324][INFO ] Starting ingester producer (KafkaIngesterProducer.java:130 - main)
[CDH-Ingest][1.2.0][2023-04-14 13:13:37,887][INFO ] [Producer clientId=producer-1] Disconnecting from node -1 due to request timeout. (NetworkClient.java:797 - kafka-producer-network-thread | producer-1)
[CDH-Ingest][1.2.0][2023-04-14 13:13:37,889][INFO ] [Producer clientId=producer-1] Cancelled in-flight INIT_PRODUCER_ID request with correlation id 2 due to node -1 being disconnected (elapsed time since creation: 30002ms, elapsed time since send: 30002ms, request timeout: 30000ms) (NetworkClient.java:341 - kafka-producer-network-thread | producer-1)
[CDH-Ingest][1.2.0][2023-04-14 13:13:37,890][INFO ] [Producer clientId=producer-1] Cancelled in-flight METADATA request with correlation id 3 due to node -1 being disconnected (elapsed time since creation: 29900ms, elapsed time since send: 29900ms, request timeout: 30000ms) (NetworkClient.java:341 - kafka-producer-network-thread | producer-1)
[CDH-Ingest][1.2.0][2023-04-14 13:13:37,891][WARN ] [Producer clientId=producer-1] Bootstrap broker 10.144.1.99:9092 (id: -1 rack: null) disconnected (NetworkClient.java:1065 - kafka-producer-network-thread | producer-1)
[CDH-Ingest][1.2.0][2023-04-14 13:13:38,091][WARN ] [Producer clientId=producer-1] Error while fetching metadata with correlation id 5 : {ingestion-S1=INVALID_REPLICATION_FACTOR} (NetworkClient.java:1105 - kafka-producer-network-thread | producer-1)
[CDH-Ingest][1.2.0][2023-04-14 13:14:08,177][INFO ] [Producer clientId=producer-1] Disconnecting from node -1 due to request timeout. (NetworkClient.java:797 - kafka-producer-network-thread | producer-1)
[CDH-Ingest][1.2.0][2023-04-14 13:14:08,178][INFO ] [Producer clientId=producer-1] Cancelled in-flight INIT_PRODUCER_ID request with correlation id 6 due to node -1 being disconnected (elapsed time since creation: 30089ms, elapsed time since send: 30089ms, request timeout: 30000ms) (NetworkClient.java:341 - kafka-producer-network-thread | producer-1)
[CDH-Ingest][1.2.0][2023-04-14 13:14:08,178][INFO ] [Producer clientId=producer-1] Cancelled in-flight METADATA request with correlation id 7 due to node -1 being disconnected (elapsed time since creation: 29989ms, elapsed time since send: 29989ms, request timeout: 30000ms) (NetworkClient.java:341 - kafka-producer-network-thread | producer-1)
[CDH-Ingest][1.2.0][2023-04-14 13:14:08,179][WARN ] [Producer clientId=producer-1] Bootstrap broker 10.144.1.99:9092 (id: -1 rack: null) disconnected (NetworkClient.java:1065 - kafka-producer-network-thread | producer-1)
[CDH-Ingest][1.2.0][2023-04-14 13:14:08,381][WARN ] [Producer clientId=producer-1] Error while fetching metadata with correlation id 9 : {ingestion-S1=INVALID_REPLICATION_FACTOR} (NetworkClient.java:1105 - kafka-producer-network-thread | producer-1)
[CDH-Ingest][1.2.0][2023-04-14 13:14:08,890][ERROR] An error occured in producer (KafkaIngesterProducer.java:220 - pool-3-thread-1)
java.util.concurrent.ExecutionException: org.apache.kafka.common.errors.TimeoutException: Topic ingestion-S1 not present in metadata after 60000 ms.
	at org.apache.kafka.clients.producer.KafkaProducer$FutureFailure.<init>(KafkaProducer.java:1442)
	at org.apache.kafka.clients.producer.KafkaProducer.doSend(KafkaProducer.java:1084)
	at org.apache.kafka.clients.producer.KafkaProducer.send(KafkaProducer.java:962)
	at org.apache.kafka.clients.producer.KafkaProducer.send(KafkaProducer.java:847)
	at fr.gael.gss.ingest.kafka.KafkaIngestProducer.send(KafkaIngestProducer.java:50)
	at fr.gael.gss.ingest.producer.KafkaIngesterProducer.lambda$start$0(KafkaIngesterProducer.java:207)
	at java.base/java.util.concurrent.Executors$RunnableAdapter.call(Executors.java:539)
	at java.base/java.util.concurrent.FutureTask.runAndReset(FutureTask.java:305)
	at java.base/java.util.concurrent.ScheduledThreadPoolExecutor$ScheduledFutureTask.run(ScheduledThreadPoolExecutor.java:305)
	at java.base/java.util.concurrent.ThreadPoolExecutor.runWorker(ThreadPoolExecutor.java:1136)
	at java.base/java.util.concurrent.ThreadPoolExecutor$Worker.run(ThreadPoolExecutor.java:635)
	at java.base/java.lang.Thread.run(Thread.java:833)
Caused by: org.apache.kafka.common.errors.TimeoutException: Topic ingestion-S1 not present in metadata after 60000 ms.
[CDH-Ingest][1.2.0][2023-04-14 13:14:38,425][INFO ] [Producer clientId=producer-1] Disconnecting from node -1 due to request timeout. (NetworkClient.java:797 - kafka-producer-network-thread | producer-1)
[CDH-Ingest][1.2.0][2023-04-14 13:14:38,426][INFO ] [Producer clientId=producer-1] Cancelled in-flight INIT_PRODUCER_ID request with correlation id 10 due to node -1 being disconnected (elapsed time since creation: 30045ms, elapsed time since send: 30045ms, request timeout: 30000ms) (NetworkClient.java:341 - kafka-producer-network-thread | producer-1)
[CDH-Ingest][1.2.0][2023-04-14 13:14:38,426][INFO ] [Producer clientId=producer-1] Cancelled in-flight METADATA request with correlation id 11 due to node -1 being disconnected (elapsed time since creation: 29944ms, elapsed time since send: 29944ms, request timeout: 30000ms) (NetworkClient.java:341 - kafka-producer-network-thread | producer-1)
[CDH-Ingest][1.2.0][2023-04-14 13:14:38,426][WARN ] [Producer clientId=producer-1] Bootstrap broker 10.144.1.99:9092 (id: -1 rack: null) disconnected (NetworkClient.java:1065 - kafka-producer-network-thread | producer-1)
[CDH-Ingest][1.2.0][2023-04-14 13:14:38,629][WARN ] [Producer clientId=producer-1] Error while fetching metadata with correlation id 13 : {ingestion-S1=INVALID_REPLICATION_FACTOR} (NetworkClient.java:1105 - kafka-producer-network-thread | producer-1)
[CDH-Ingest][1.2.0][2023-04-14 13:14:58,124][INFO ] Stopping ingesters gracefully ... (CDHIngest.java:78 - Thread-0)
[CDH-Ingest][1.2.0][2023-04-14 13:14:58,127][INFO ] Waiting 10 SECONDS to shutdown [producer] gracefully ... (ProcessorUtils.java:35 - Thread-0)
[CDH-Ingest][1.2.0][2023-04-14 13:15:04,194][INFO ] application_name: CDH-Ingest (CDHIngest.java:113 - main)
[CDH-Ingest][1.2.0][2023-04-14 13:15:04,197][INFO ] build_version: 1.2.0 (CDHIngest.java:114 - main)
[CDH-Ingest][1.2.0][2023-04-14 13:15:04,565][INFO ] Loading configuration from file:/ingest/etc/gss.xml (ConfigurationLoader.java:156 - main)
[CDH-Ingest][1.2.0][2023-04-14 13:15:04,596][INFO ] Loading Database from configuration ... (DatabaseAccessor.java:43 - main)
[CDH-Ingest][1.2.0][2023-04-14 13:15:04,613][INFO ] HikariPool-1 - Starting... (HikariDataSource.java:80 - main)
[CDH-Ingest][1.2.0][2023-04-14 13:15:04,770][INFO ] HikariPool-1 - Added connection org.postgresql.jdbc.PgConnection@7cf7aee (HikariPool.java:565 - main)
[CDH-Ingest][1.2.0][2023-04-14 13:15:04,772][INFO ] HikariPool-1 - Start completed. (HikariDataSource.java:82 - main)
[CDH-Ingest][1.2.0][2023-04-14 13:15:04,926][INFO ] Loaded Database from configuration. (DatabaseAccessor.java:66 - main)
[CDH-Ingest][1.2.0][2023-04-14 13:15:04,931][INFO ] StoreService initialized with 0 DataStore(s) [] and 0 MetadataStore(s) []. (StoreService.java:231 - main)
[CDH-Ingest][1.2.0][2023-04-14 13:15:05,015][INFO ] ProducerConfig values: 
	acks = -1
	auto.include.jmx.reporter = true
	batch.size = 16384
	bootstrap.servers = [10.144.1.99:9092]
	buffer.memory = 33554432
	client.dns.lookup = use_all_dns_ips
	client.id = producer-1
	compression.type = none
	connections.max.idle.ms = 540000
	delivery.timeout.ms = 120000
	enable.idempotence = true
	interceptor.classes = []
	key.serializer = class org.apache.kafka.common.serialization.StringSerializer
	linger.ms = 0
	max.block.ms = 60000
	max.in.flight.requests.per.connection = 5
	max.request.size = 1048576
	metadata.max.age.ms = 300000
	metadata.max.idle.ms = 300000
	metric.reporters = []
	metrics.num.samples = 2
	metrics.recording.level = INFO
	metrics.sample.window.ms = 30000
	partitioner.adaptive.partitioning.enable = true
	partitioner.availability.timeout.ms = 0
	partitioner.class = null
	partitioner.ignore.keys = false
	receive.buffer.bytes = 32768
	reconnect.backoff.max.ms = 1000
	reconnect.backoff.ms = 50
	request.timeout.ms = 30000
	retries = 2147483647
	retry.backoff.ms = 100
	sasl.client.callback.handler.class = null
	sasl.jaas.config = null
	sasl.kerberos.kinit.cmd = /usr/bin/kinit
	sasl.kerberos.min.time.before.relogin = 60000
	sasl.kerberos.service.name = null
	sasl.kerberos.ticket.renew.jitter = 0.05
	sasl.kerberos.ticket.renew.window.factor = 0.8
	sasl.login.callback.handler.class = null
	sasl.login.class = null
	sasl.login.connect.timeout.ms = null
	sasl.login.read.timeout.ms = null
	sasl.login.refresh.buffer.seconds = 300
	sasl.login.refresh.min.period.seconds = 60
	sasl.login.refresh.window.factor = 0.8
	sasl.login.refresh.window.jitter = 0.05
	sasl.login.retry.backoff.max.ms = 10000
	sasl.login.retry.backoff.ms = 100
	sasl.mechanism = GSSAPI
	sasl.oauthbearer.clock.skew.seconds = 30
	sasl.oauthbearer.expected.audience = null
	sasl.oauthbearer.expected.issuer = null
	sasl.oauthbearer.jwks.endpoint.refresh.ms = 3600000
	sasl.oauthbearer.jwks.endpoint.retry.backoff.max.ms = 10000
	sasl.oauthbearer.jwks.endpoint.retry.backoff.ms = 100
	sasl.oauthbearer.jwks.endpoint.url = null
	sasl.oauthbearer.scope.claim.name = scope
	sasl.oauthbearer.sub.claim.name = sub
	sasl.oauthbearer.token.endpoint.url = null
	security.protocol = PLAINTEXT
	security.providers = null
	send.buffer.bytes = 131072
	socket.connection.setup.timeout.max.ms = 30000
	socket.connection.setup.timeout.ms = 10000
	ssl.cipher.suites = null
	ssl.enabled.protocols = [TLSv1.2, TLSv1.3]
	ssl.endpoint.identification.algorithm = https
	ssl.engine.factory.class = null
	ssl.key.password = null
	ssl.keymanager.algorithm = SunX509
	ssl.keystore.certificate.chain = null
	ssl.keystore.key = null
	ssl.keystore.location = null
	ssl.keystore.password = null
	ssl.keystore.type = JKS
	ssl.protocol = TLSv1.3
	ssl.provider = null
	ssl.secure.random.implementation = null
	ssl.trustmanager.algorithm = PKIX
	ssl.truststore.certificates = null
	ssl.truststore.location = null
	ssl.truststore.password = null
	ssl.truststore.type = JKS
	transaction.timeout.ms = 60000
	transactional.id = null
	value.serializer = class fr.gael.gss.ingest.kafka.KafkaIngestMessageSerializer
 (AbstractConfig.java:376 - main)
[CDH-Ingest][1.2.0][2023-04-14 13:15:05,057][INFO ] [Producer clientId=producer-1] Instantiated an idempotent producer. (KafkaProducer.java:596 - main)
[CDH-Ingest][1.2.0][2023-04-14 13:15:05,103][INFO ] Kafka version: 3.4.0 (AppInfoParser.java:119 - main)
[CDH-Ingest][1.2.0][2023-04-14 13:15:05,103][INFO ] Kafka commitId: 2e1947d240607d53 (AppInfoParser.java:120 - main)
[CDH-Ingest][1.2.0][2023-04-14 13:15:05,104][INFO ] Kafka startTimeMs: 1681478105101 (AppInfoParser.java:121 - main)
[CDH-Ingest][1.2.0][2023-04-14 13:15:05,106][INFO ] Starting ingester producer (KafkaIngesterProducer.java:130 - main)
[CDH-Ingest][1.2.0][2023-04-14 13:15:08,127][INFO ] [producer] shutdown OK. (ProcessorUtils.java:41 - Thread-0)
[CDH-Ingest][1.2.0][2023-04-14 13:15:08,128][INFO ] Ingesters stopped. (CDHIngest.java:80 - Thread-0)
[CDH-Ingest][1.2.0][2023-04-14 13:15:08,128][INFO ] Disconnecting from database ... (CDHIngest.java:81 - Thread-0)
[CDH-Ingest][1.2.0][2023-04-14 13:15:08,128][ERROR] An error occured in producer (KafkaIngesterProducer.java:220 - pool-3-thread-1)
org.apache.kafka.common.errors.InterruptException: java.lang.InterruptedException
	at org.apache.kafka.clients.producer.KafkaProducer.doSend(KafkaProducer.java:1088)
	at org.apache.kafka.clients.producer.KafkaProducer.send(KafkaProducer.java:962)
	at org.apache.kafka.clients.producer.KafkaProducer.send(KafkaProducer.java:847)
	at fr.gael.gss.ingest.kafka.KafkaIngestProducer.send(KafkaIngestProducer.java:50)
	at fr.gael.gss.ingest.producer.KafkaIngesterProducer.lambda$start$0(KafkaIngesterProducer.java:207)
	at java.base/java.util.concurrent.Executors$RunnableAdapter.call(Executors.java:539)
	at java.base/java.util.concurrent.FutureTask.runAndReset(FutureTask.java:305)
	at java.base/java.util.concurrent.ScheduledThreadPoolExecutor$ScheduledFutureTask.run(ScheduledThreadPoolExecutor.java:305)
	at java.base/java.util.concurrent.ThreadPoolExecutor.runWorker(ThreadPoolExecutor.java:1136)
	at java.base/java.util.concurrent.ThreadPoolExecutor$Worker.run(ThreadPoolExecutor.java:635)
	at java.base/java.lang.Thread.run(Thread.java:833)
Caused by: java.lang.InterruptedException
	at java.base/java.lang.Object.wait(Native Method)
	at org.apache.kafka.common.utils.SystemTime.waitObject(SystemTime.java:55)
	at org.apache.kafka.clients.producer.internals.ProducerMetadata.awaitUpdate(ProducerMetadata.java:119)
	at org.apache.kafka.clients.producer.KafkaProducer.waitOnMetadata(KafkaProducer.java:1147)
	at org.apache.kafka.clients.producer.KafkaProducer.doSend(KafkaProducer.java:996)
	... 10 more
[CDH-Ingest][1.2.0][2023-04-14 13:15:08,128][INFO ] HikariPool-1 - Shutdown initiated... (HikariDataSource.java:350 - Thread-0)
[CDH-Ingest][1.2.0][2023-04-14 13:15:35,524][INFO ] [Producer clientId=producer-1] Disconnecting from node -1 due to request timeout. (NetworkClient.java:797 - kafka-producer-network-thread | producer-1)
[CDH-Ingest][1.2.0][2023-04-14 13:15:35,538][INFO ] [Producer clientId=producer-1] Cancelled in-flight INIT_PRODUCER_ID request with correlation id 2 due to node -1 being disconnected (elapsed time since creation: 30018ms, elapsed time since send: 30018ms, request timeout: 30000ms) (NetworkClient.java:341 - kafka-producer-network-thread | producer-1)
[CDH-Ingest][1.2.0][2023-04-14 13:15:35,539][INFO ] [Producer clientId=producer-1] Cancelled in-flight METADATA request with correlation id 3 due to node -1 being disconnected (elapsed time since creation: 29915ms, elapsed time since send: 29915ms, request timeout: 30000ms) (NetworkClient.java:341 - kafka-producer-network-thread | producer-1)
[CDH-Ingest][1.2.0][2023-04-14 13:15:35,540][WARN ] [Producer clientId=producer-1] Bootstrap broker 10.144.1.99:9092 (id: -1 rack: null) disconnected (NetworkClient.java:1065 - kafka-producer-network-thread | producer-1)
[CDH-Ingest][1.2.0][2023-04-14 13:15:35,727][WARN ] [Producer clientId=producer-1] Error while fetching metadata with correlation id 5 : {ingestion-S1=INVALID_REPLICATION_FACTOR} (NetworkClient.java:1105 - kafka-producer-network-thread | producer-1)
[CDH-Ingest][1.2.0][2023-04-14 13:16:05,811][INFO ] [Producer clientId=producer-1] Disconnecting from node -1 due to request timeout. (NetworkClient.java:797 - kafka-producer-network-thread | producer-1)
[CDH-Ingest][1.2.0][2023-04-14 13:16:05,812][INFO ] [Producer clientId=producer-1] Cancelled in-flight INIT_PRODUCER_ID request with correlation id 6 due to node -1 being disconnected (elapsed time since creation: 30087ms, elapsed time since send: 30087ms, request timeout: 30000ms) (NetworkClient.java:341 - kafka-producer-network-thread | producer-1)
[CDH-Ingest][1.2.0][2023-04-14 13:16:05,812][INFO ] [Producer clientId=producer-1] Cancelled in-flight METADATA request with correlation id 7 due to node -1 being disconnected (elapsed time since creation: 29985ms, elapsed time since send: 29985ms, request timeout: 30000ms) (NetworkClient.java:341 - kafka-producer-network-thread | producer-1)
[CDH-Ingest][1.2.0][2023-04-14 13:16:05,813][WARN ] [Producer clientId=producer-1] Bootstrap broker 10.144.1.99:9092 (id: -1 rack: null) disconnected (NetworkClient.java:1065 - kafka-producer-network-thread | producer-1)
[CDH-Ingest][1.2.0][2023-04-14 13:16:06,016][WARN ] [Producer clientId=producer-1] Error while fetching metadata with correlation id 9 : {ingestion-S1=INVALID_REPLICATION_FACTOR} (NetworkClient.java:1105 - kafka-producer-network-thread | producer-1)
[CDH-Ingest][1.2.0][2023-04-14 13:16:06,228][ERROR] An error occured in producer (KafkaIngesterProducer.java:220 - pool-3-thread-1)
java.util.concurrent.ExecutionException: org.apache.kafka.common.errors.TimeoutException: Topic ingestion-S1 not present in metadata after 60000 ms.
	at org.apache.kafka.clients.producer.KafkaProducer$FutureFailure.<init>(KafkaProducer.java:1442)
	at org.apache.kafka.clients.producer.KafkaProducer.doSend(KafkaProducer.java:1084)
	at org.apache.kafka.clients.producer.KafkaProducer.send(KafkaProducer.java:962)
	at org.apache.kafka.clients.producer.KafkaProducer.send(KafkaProducer.java:847)
	at fr.gael.gss.ingest.kafka.KafkaIngestProducer.send(KafkaIngestProducer.java:50)
	at fr.gael.gss.ingest.producer.KafkaIngesterProducer.lambda$start$0(KafkaIngesterProducer.java:207)
	at java.base/java.util.concurrent.Executors$RunnableAdapter.call(Executors.java:539)
	at java.base/java.util.concurrent.FutureTask.runAndReset(FutureTask.java:305)
	at java.base/java.util.concurrent.ScheduledThreadPoolExecutor$ScheduledFutureTask.run(ScheduledThreadPoolExecutor.java:305)
	at java.base/java.util.concurrent.ThreadPoolExecutor.runWorker(ThreadPoolExecutor.java:1136)
	at java.base/java.util.concurrent.ThreadPoolExecutor$Worker.run(ThreadPoolExecutor.java:635)
	at java.base/java.lang.Thread.run(Thread.java:833)
Caused by: org.apache.kafka.common.errors.TimeoutException: Topic ingestion-S1 not present in metadata after 60000 ms.
[CDH-Ingest][1.2.0][2023-04-14 13:16:36,084][INFO ] [Producer clientId=producer-1] Disconnecting from node -1 due to request timeout. (NetworkClient.java:797 - kafka-producer-network-thread | producer-1)
[CDH-Ingest][1.2.0][2023-04-14 13:16:36,085][INFO ] [Producer clientId=producer-1] Cancelled in-flight INIT_PRODUCER_ID request with correlation id 10 due to node -1 being disconnected (elapsed time since creation: 30069ms, elapsed time since send: 30069ms, request timeout: 30000ms) (NetworkClient.java:341 - kafka-producer-network-thread | producer-1)
[CDH-Ingest][1.2.0][2023-04-14 13:16:36,085][INFO ] [Producer clientId=producer-1] Cancelled in-flight METADATA request with correlation id 11 due to node -1 being disconnected (elapsed time since creation: 29968ms, elapsed time since send: 29968ms, request timeout: 30000ms) (NetworkClient.java:341 - kafka-producer-network-thread | producer-1)
[CDH-Ingest][1.2.0][2023-04-14 13:16:36,086][WARN ] [Producer clientId=producer-1] Bootstrap broker 10.144.1.99:9092 (id: -1 rack: null) disconnected (NetworkClient.java:1065 - kafka-producer-network-thread | producer-1)
[CDH-Ingest][1.2.0][2023-04-14 13:16:36,289][WARN ] [Producer clientId=producer-1] Error while fetching metadata with correlation id 13 : {ingestion-S1=INVALID_REPLICATION_FACTOR} (NetworkClient.java:1105 - kafka-producer-network-thread | producer-1)
[CDH-Ingest][1.2.0][2023-04-14 13:17:06,363][INFO ] [Producer clientId=producer-1] Disconnecting from node -1 due to request timeout. (NetworkClient.java:797 - kafka-producer-network-thread | producer-1)
[CDH-Ingest][1.2.0][2023-04-14 13:17:06,363][INFO ] [Producer clientId=producer-1] Cancelled in-flight INIT_PRODUCER_ID request with correlation id 14 due to node -1 being disconnected (elapsed time since creation: 30074ms, elapsed time since send: 30074ms, request timeout: 30000ms) (NetworkClient.java:341 - kafka-producer-network-thread | producer-1)
[CDH-Ingest][1.2.0][2023-04-14 13:17:06,364][INFO ] [Producer clientId=producer-1] Cancelled in-flight METADATA request with correlation id 15 due to node -1 being disconnected (elapsed time since creation: 29972ms, elapsed time since send: 29972ms, request timeout: 30000ms) (NetworkClient.java:341 - kafka-producer-network-thread | producer-1)
[CDH-Ingest][1.2.0][2023-04-14 13:17:06,364][WARN ] [Producer clientId=producer-1] Bootstrap broker 10.144.1.99:9092 (id: -1 rack: null) disconnected (NetworkClient.java:1065 - kafka-producer-network-thread | producer-1)
[CDH-Ingest][1.2.0][2023-04-14 13:17:06,566][WARN ] [Producer clientId=producer-1] Error while fetching metadata with correlation id 17 : {ingestion-S1=INVALID_REPLICATION_FACTOR} (NetworkClient.java:1105 - kafka-producer-network-thread | producer-1)
[CDH-Ingest][1.2.0][2023-04-14 13:17:06,606][ERROR] An error occured in producer (KafkaIngesterProducer.java:220 - pool-3-thread-1)
java.util.concurrent.ExecutionException: org.apache.kafka.common.errors.TimeoutException: Topic ingestion-S1 not present in metadata after 60000 ms.
	at org.apache.kafka.clients.producer.KafkaProducer$FutureFailure.<init>(KafkaProducer.java:1442)
	at org.apache.kafka.clients.producer.KafkaProducer.doSend(KafkaProducer.java:1084)
	at org.apache.kafka.clients.producer.KafkaProducer.send(KafkaProducer.java:962)
	at org.apache.kafka.clients.producer.KafkaProducer.send(KafkaProducer.java:847)
	at fr.gael.gss.ingest.kafka.KafkaIngestProducer.send(KafkaIngestProducer.java:50)
	at fr.gael.gss.ingest.producer.KafkaIngesterProducer.lambda$start$0(KafkaIngesterProducer.java:207)
	at java.base/java.util.concurrent.Executors$RunnableAdapter.call(Executors.java:539)
	at java.base/java.util.concurrent.FutureTask.runAndReset(FutureTask.java:305)
	at java.base/java.util.concurrent.ScheduledThreadPoolExecutor$ScheduledFutureTask.run(ScheduledThreadPoolExecutor.java:305)
	at java.base/java.util.concurrent.ThreadPoolExecutor.runWorker(ThreadPoolExecutor.java:1136)
	at java.base/java.util.concurrent.ThreadPoolExecutor$Worker.run(ThreadPoolExecutor.java:635)
	at java.base/java.lang.Thread.run(Thread.java:833)
Caused by: org.apache.kafka.common.errors.TimeoutException: Topic ingestion-S1 not present in metadata after 60000 ms.
[CDH-Ingest][1.2.0][2023-04-14 13:17:19,480][INFO ] Stopping ingesters gracefully ... (CDHIngest.java:78 - Thread-0)
[CDH-Ingest][1.2.0][2023-04-14 13:17:19,482][INFO ] Waiting 10 SECONDS to shutdown [producer] gracefully ... (ProcessorUtils.java:35 - Thread-0)
[CDH-Ingest][1.2.0][2023-04-14 13:17:24,047][INFO ] application_name: CDH-Ingest (CDHIngest.java:113 - main)
[CDH-Ingest][1.2.0][2023-04-14 13:17:24,053][INFO ] build_version: 1.2.0 (CDHIngest.java:114 - main)
[CDH-Ingest][1.2.0][2023-04-14 13:17:24,477][INFO ] Loading configuration from file:/ingest/etc/gss.xml (ConfigurationLoader.java:156 - main)
[CDH-Ingest][1.2.0][2023-04-14 13:17:24,518][INFO ] Loading Database from configuration ... (DatabaseAccessor.java:43 - main)
[CDH-Ingest][1.2.0][2023-04-14 13:17:24,540][INFO ] HikariPool-1 - Starting... (HikariDataSource.java:80 - main)
[CDH-Ingest][1.2.0][2023-04-14 13:17:24,725][INFO ] HikariPool-1 - Added connection org.postgresql.jdbc.PgConnection@7cf7aee (HikariPool.java:565 - main)
[CDH-Ingest][1.2.0][2023-04-14 13:17:24,727][INFO ] HikariPool-1 - Start completed. (HikariDataSource.java:82 - main)
[CDH-Ingest][1.2.0][2023-04-14 13:17:24,946][INFO ] Loaded Database from configuration. (DatabaseAccessor.java:66 - main)
[CDH-Ingest][1.2.0][2023-04-14 13:17:24,953][INFO ] StoreService initialized with 0 DataStore(s) [] and 0 MetadataStore(s) []. (StoreService.java:231 - main)
[CDH-Ingest][1.2.0][2023-04-14 13:17:25,065][INFO ] ProducerConfig values: 
	acks = -1
	auto.include.jmx.reporter = true
	batch.size = 16384
	bootstrap.servers = [10.144.1.99:9092]
	buffer.memory = 33554432
	client.dns.lookup = use_all_dns_ips
	client.id = producer-1
	compression.type = none
	connections.max.idle.ms = 540000
	delivery.timeout.ms = 120000
	enable.idempotence = true
	interceptor.classes = []
	key.serializer = class org.apache.kafka.common.serialization.StringSerializer
	linger.ms = 0
	max.block.ms = 60000
	max.in.flight.requests.per.connection = 5
	max.request.size = 1048576
	metadata.max.age.ms = 300000
	metadata.max.idle.ms = 300000
	metric.reporters = []
	metrics.num.samples = 2
	metrics.recording.level = INFO
	metrics.sample.window.ms = 30000
	partitioner.adaptive.partitioning.enable = true
	partitioner.availability.timeout.ms = 0
	partitioner.class = null
	partitioner.ignore.keys = false
	receive.buffer.bytes = 32768
	reconnect.backoff.max.ms = 1000
	reconnect.backoff.ms = 50
	request.timeout.ms = 30000
	retries = 2147483647
	retry.backoff.ms = 100
	sasl.client.callback.handler.class = null
	sasl.jaas.config = null
	sasl.kerberos.kinit.cmd = /usr/bin/kinit
	sasl.kerberos.min.time.before.relogin = 60000
	sasl.kerberos.service.name = null
	sasl.kerberos.ticket.renew.jitter = 0.05
	sasl.kerberos.ticket.renew.window.factor = 0.8
	sasl.login.callback.handler.class = null
	sasl.login.class = null
	sasl.login.connect.timeout.ms = null
	sasl.login.read.timeout.ms = null
	sasl.login.refresh.buffer.seconds = 300
	sasl.login.refresh.min.period.seconds = 60
	sasl.login.refresh.window.factor = 0.8
	sasl.login.refresh.window.jitter = 0.05
	sasl.login.retry.backoff.max.ms = 10000
	sasl.login.retry.backoff.ms = 100
	sasl.mechanism = GSSAPI
	sasl.oauthbearer.clock.skew.seconds = 30
	sasl.oauthbearer.expected.audience = null
	sasl.oauthbearer.expected.issuer = null
	sasl.oauthbearer.jwks.endpoint.refresh.ms = 3600000
	sasl.oauthbearer.jwks.endpoint.retry.backoff.max.ms = 10000
	sasl.oauthbearer.jwks.endpoint.retry.backoff.ms = 100
	sasl.oauthbearer.jwks.endpoint.url = null
	sasl.oauthbearer.scope.claim.name = scope
	sasl.oauthbearer.sub.claim.name = sub
	sasl.oauthbearer.token.endpoint.url = null
	security.protocol = PLAINTEXT
	security.providers = null
	send.buffer.bytes = 131072
	socket.connection.setup.timeout.max.ms = 30000
	socket.connection.setup.timeout.ms = 10000
	ssl.cipher.suites = null
	ssl.enabled.protocols = [TLSv1.2, TLSv1.3]
	ssl.endpoint.identification.algorithm = https
	ssl.engine.factory.class = null
	ssl.key.password = null
	ssl.keymanager.algorithm = SunX509
	ssl.keystore.certificate.chain = null
	ssl.keystore.key = null
	ssl.keystore.location = null
	ssl.keystore.password = null
	ssl.keystore.type = JKS
	ssl.protocol = TLSv1.3
	ssl.provider = null
	ssl.secure.random.implementation = null
	ssl.trustmanager.algorithm = PKIX
	ssl.truststore.certificates = null
	ssl.truststore.location = null
	ssl.truststore.password = null
	ssl.truststore.type = JKS
	transaction.timeout.ms = 60000
	transactional.id = null
	value.serializer = class fr.gael.gss.ingest.kafka.KafkaIngestMessageSerializer
 (AbstractConfig.java:376 - main)
[CDH-Ingest][1.2.0][2023-04-14 13:17:25,107][INFO ] [Producer clientId=producer-1] Instantiated an idempotent producer. (KafkaProducer.java:596 - main)
[CDH-Ingest][1.2.0][2023-04-14 13:17:25,184][INFO ] Kafka version: 3.4.0 (AppInfoParser.java:119 - main)
[CDH-Ingest][1.2.0][2023-04-14 13:17:25,185][INFO ] Kafka commitId: 2e1947d240607d53 (AppInfoParser.java:120 - main)
[CDH-Ingest][1.2.0][2023-04-14 13:17:25,185][INFO ] Kafka startTimeMs: 1681478245181 (AppInfoParser.java:121 - main)
[CDH-Ingest][1.2.0][2023-04-14 13:17:25,189][INFO ] Starting ingester producer (KafkaIngesterProducer.java:130 - main)
[CDH-Ingest][1.2.0][2023-04-14 13:17:29,483][INFO ] [producer] shutdown OK. (ProcessorUtils.java:41 - Thread-0)
[CDH-Ingest][1.2.0][2023-04-14 13:17:29,483][INFO ] Ingesters stopped. (CDHIngest.java:80 - Thread-0)
[CDH-Ingest][1.2.0][2023-04-14 13:17:29,484][INFO ] Disconnecting from database ... (CDHIngest.java:81 - Thread-0)
[CDH-Ingest][1.2.0][2023-04-14 13:17:29,483][ERROR] An error occured in producer (KafkaIngesterProducer.java:220 - pool-3-thread-1)
org.apache.kafka.common.errors.InterruptException: java.lang.InterruptedException
	at org.apache.kafka.clients.producer.KafkaProducer.doSend(KafkaProducer.java:1088)
	at org.apache.kafka.clients.producer.KafkaProducer.send(KafkaProducer.java:962)
	at org.apache.kafka.clients.producer.KafkaProducer.send(KafkaProducer.java:847)
	at fr.gael.gss.ingest.kafka.KafkaIngestProducer.send(KafkaIngestProducer.java:50)
	at fr.gael.gss.ingest.producer.KafkaIngesterProducer.lambda$start$0(KafkaIngesterProducer.java:207)
	at java.base/java.util.concurrent.Executors$RunnableAdapter.call(Executors.java:539)
	at java.base/java.util.concurrent.FutureTask.runAndReset(FutureTask.java:305)
	at java.base/java.util.concurrent.ScheduledThreadPoolExecutor$ScheduledFutureTask.run(ScheduledThreadPoolExecutor.java:305)
	at java.base/java.util.concurrent.ThreadPoolExecutor.runWorker(ThreadPoolExecutor.java:1136)
	at java.base/java.util.concurrent.ThreadPoolExecutor$Worker.run(ThreadPoolExecutor.java:635)
	at java.base/java.lang.Thread.run(Thread.java:833)
Caused by: java.lang.InterruptedException
	at java.base/java.lang.Object.wait(Native Method)
	at org.apache.kafka.common.utils.SystemTime.waitObject(SystemTime.java:55)
	at org.apache.kafka.clients.producer.internals.ProducerMetadata.awaitUpdate(ProducerMetadata.java:119)
	at org.apache.kafka.clients.producer.KafkaProducer.waitOnMetadata(KafkaProducer.java:1147)
	at org.apache.kafka.clients.producer.KafkaProducer.doSend(KafkaProducer.java:996)
	... 10 more
[CDH-Ingest][1.2.0][2023-04-14 13:17:29,484][INFO ] HikariPool-1 - Shutdown initiated... (HikariDataSource.java:350 - Thread-0)
[CDH-Ingest][1.2.0][2023-04-14 13:17:29,496][INFO ] HikariPool-1 - Shutdown completed. (HikariDataSource.java:352 - Thread-0)
[CDH-Ingest][1.2.0][2023-04-14 13:17:29,497][INFO ] Disconnected from database. (CDHIngest.java:83 - Thread-0)
[CDH-Ingest][1.2.0][2023-04-14 13:17:55,928][INFO ] [Producer clientId=producer-1] Disconnecting from node -1 due to request timeout. (NetworkClient.java:797 - kafka-producer-network-thread | producer-1)
[CDH-Ingest][1.2.0][2023-04-14 13:17:55,931][INFO ] [Producer clientId=producer-1] Cancelled in-flight INIT_PRODUCER_ID request with correlation id 2 due to node -1 being disconnected (elapsed time since creation: 30029ms, elapsed time since send: 30029ms, request timeout: 30000ms) (NetworkClient.java:341 - kafka-producer-network-thread | producer-1)
[CDH-Ingest][1.2.0][2023-04-14 13:17:55,932][INFO ] [Producer clientId=producer-1] Cancelled in-flight METADATA request with correlation id 3 due to node -1 being disconnected (elapsed time since creation: 29914ms, elapsed time since send: 29914ms, request timeout: 30000ms) (NetworkClient.java:341 - kafka-producer-network-thread | producer-1)
[CDH-Ingest][1.2.0][2023-04-14 13:17:55,933][WARN ] [Producer clientId=producer-1] Bootstrap broker 10.144.1.99:9092 (id: -1 rack: null) disconnected (NetworkClient.java:1065 - kafka-producer-network-thread | producer-1)
[CDH-Ingest][1.2.0][2023-04-14 13:17:56,130][WARN ] [Producer clientId=producer-1] Error while fetching metadata with correlation id 5 : {ingestion-S1=INVALID_REPLICATION_FACTOR} (NetworkClient.java:1105 - kafka-producer-network-thread | producer-1)
[CDH-Ingest][1.2.0][2023-04-14 13:18:26,225][INFO ] [Producer clientId=producer-1] Disconnecting from node -1 due to request timeout. (NetworkClient.java:797 - kafka-producer-network-thread | producer-1)
[CDH-Ingest][1.2.0][2023-04-14 13:18:26,225][INFO ] [Producer clientId=producer-1] Cancelled in-flight INIT_PRODUCER_ID request with correlation id 6 due to node -1 being disconnected (elapsed time since creation: 30097ms, elapsed time since send: 30097ms, request timeout: 30000ms) (NetworkClient.java:341 - kafka-producer-network-thread | producer-1)
[CDH-Ingest][1.2.0][2023-04-14 13:18:26,227][INFO ] [Producer clientId=producer-1] Cancelled in-flight METADATA request with correlation id 7 due to node -1 being disconnected (elapsed time since creation: 29996ms, elapsed time since send: 29996ms, request timeout: 30000ms) (NetworkClient.java:341 - kafka-producer-network-thread | producer-1)
[CDH-Ingest][1.2.0][2023-04-14 13:18:26,228][WARN ] [Producer clientId=producer-1] Bootstrap broker 10.144.1.99:9092 (id: -1 rack: null) disconnected (NetworkClient.java:1065 - kafka-producer-network-thread | producer-1)
[CDH-Ingest][1.2.0][2023-04-14 13:18:26,430][WARN ] [Producer clientId=producer-1] Error while fetching metadata with correlation id 9 : {ingestion-S1=INVALID_REPLICATION_FACTOR} (NetworkClient.java:1105 - kafka-producer-network-thread | producer-1)
[CDH-Ingest][1.2.0][2023-04-14 13:18:27,214][ERROR] An error occured in producer (KafkaIngesterProducer.java:220 - pool-3-thread-1)
java.util.concurrent.ExecutionException: org.apache.kafka.common.errors.TimeoutException: Topic ingestion-S1 not present in metadata after 60000 ms.
	at org.apache.kafka.clients.producer.KafkaProducer$FutureFailure.<init>(KafkaProducer.java:1442)
	at org.apache.kafka.clients.producer.KafkaProducer.doSend(KafkaProducer.java:1084)
	at org.apache.kafka.clients.producer.KafkaProducer.send(KafkaProducer.java:962)
	at org.apache.kafka.clients.producer.KafkaProducer.send(KafkaProducer.java:847)
	at fr.gael.gss.ingest.kafka.KafkaIngestProducer.send(KafkaIngestProducer.java:50)
	at fr.gael.gss.ingest.producer.KafkaIngesterProducer.lambda$start$0(KafkaIngesterProducer.java:207)
	at java.base/java.util.concurrent.Executors$RunnableAdapter.call(Executors.java:539)
	at java.base/java.util.concurrent.FutureTask.runAndReset(FutureTask.java:305)
	at java.base/java.util.concurrent.ScheduledThreadPoolExecutor$ScheduledFutureTask.run(ScheduledThreadPoolExecutor.java:305)
	at java.base/java.util.concurrent.ThreadPoolExecutor.runWorker(ThreadPoolExecutor.java:1136)
	at java.base/java.util.concurrent.ThreadPoolExecutor$Worker.run(ThreadPoolExecutor.java:635)
	at java.base/java.lang.Thread.run(Thread.java:833)
Caused by: org.apache.kafka.common.errors.TimeoutException: Topic ingestion-S1 not present in metadata after 60000 ms.
[CDH-Ingest][1.2.0][2023-04-14 13:18:56,509][INFO ] [Producer clientId=producer-1] Disconnecting from node -1 due to request timeout. (NetworkClient.java:797 - kafka-producer-network-thread | producer-1)
[CDH-Ingest][1.2.0][2023-04-14 13:18:56,510][INFO ] [Producer clientId=producer-1] Cancelled in-flight INIT_PRODUCER_ID request with correlation id 10 due to node -1 being disconnected (elapsed time since creation: 30080ms, elapsed time since send: 30080ms, request timeout: 30000ms) (NetworkClient.java:341 - kafka-producer-network-thread | producer-1)
[CDH-Ingest][1.2.0][2023-04-14 13:18:56,511][INFO ] [Producer clientId=producer-1] Cancelled in-flight METADATA request with correlation id 11 due to node -1 being disconnected (elapsed time since creation: 29980ms, elapsed time since send: 29980ms, request timeout: 30000ms) (NetworkClient.java:341 - kafka-producer-network-thread | producer-1)
[CDH-Ingest][1.2.0][2023-04-14 13:18:56,511][WARN ] [Producer clientId=producer-1] Bootstrap broker 10.144.1.99:9092 (id: -1 rack: null) disconnected (NetworkClient.java:1065 - kafka-producer-network-thread | producer-1)
[CDH-Ingest][1.2.0][2023-04-14 13:18:56,714][WARN ] [Producer clientId=producer-1] Error while fetching metadata with correlation id 13 : {ingestion-S1=INVALID_REPLICATION_FACTOR} (NetworkClient.java:1105 - kafka-producer-network-thread | producer-1)
[CDH-Ingest][1.2.0][2023-04-14 13:19:26,796][INFO ] [Producer clientId=producer-1] Disconnecting from node -1 due to request timeout. (NetworkClient.java:797 - kafka-producer-network-thread | producer-1)
[CDH-Ingest][1.2.0][2023-04-14 13:19:26,797][INFO ] [Producer clientId=producer-1] Cancelled in-flight INIT_PRODUCER_ID request with correlation id 14 due to node -1 being disconnected (elapsed time since creation: 30082ms, elapsed time since send: 30082ms, request timeout: 30000ms) (NetworkClient.java:341 - kafka-producer-network-thread | producer-1)
[CDH-Ingest][1.2.0][2023-04-14 13:19:26,797][INFO ] [Producer clientId=producer-1] Cancelled in-flight METADATA request with correlation id 15 due to node -1 being disconnected (elapsed time since creation: 29981ms, elapsed time since send: 29981ms, request timeout: 30000ms) (NetworkClient.java:341 - kafka-producer-network-thread | producer-1)
[CDH-Ingest][1.2.0][2023-04-14 13:19:26,797][WARN ] [Producer clientId=producer-1] Bootstrap broker 10.144.1.99:9092 (id: -1 rack: null) disconnected (NetworkClient.java:1065 - kafka-producer-network-thread | producer-1)
[CDH-Ingest][1.2.0][2023-04-14 13:19:27,000][WARN ] [Producer clientId=producer-1] Error while fetching metadata with correlation id 17 : {ingestion-S1=INVALID_REPLICATION_FACTOR} (NetworkClient.java:1105 - kafka-producer-network-thread | producer-1)
[CDH-Ingest][1.2.0][2023-04-14 13:19:27,830][ERROR] An error occured in producer (KafkaIngesterProducer.java:220 - pool-3-thread-1)
java.util.concurrent.ExecutionException: org.apache.kafka.common.errors.TimeoutException: Topic ingestion-S1 not present in metadata after 60000 ms.
	at org.apache.kafka.clients.producer.KafkaProducer$FutureFailure.<init>(KafkaProducer.java:1442)
	at org.apache.kafka.clients.producer.KafkaProducer.doSend(KafkaProducer.java:1084)
	at org.apache.kafka.clients.producer.KafkaProducer.send(KafkaProducer.java:962)
	at org.apache.kafka.clients.producer.KafkaProducer.send(KafkaProducer.java:847)
	at fr.gael.gss.ingest.kafka.KafkaIngestProducer.send(KafkaIngestProducer.java:50)
	at fr.gael.gss.ingest.producer.KafkaIngesterProducer.lambda$start$0(KafkaIngesterProducer.java:207)
	at java.base/java.util.concurrent.Executors$RunnableAdapter.call(Executors.java:539)
	at java.base/java.util.concurrent.FutureTask.runAndReset(FutureTask.java:305)
	at java.base/java.util.concurrent.ScheduledThreadPoolExecutor$ScheduledFutureTask.run(ScheduledThreadPoolExecutor.java:305)
	at java.base/java.util.concurrent.ThreadPoolExecutor.runWorker(ThreadPoolExecutor.java:1136)
	at java.base/java.util.concurrent.ThreadPoolExecutor$Worker.run(ThreadPoolExecutor.java:635)
	at java.base/java.lang.Thread.run(Thread.java:833)
Caused by: org.apache.kafka.common.errors.TimeoutException: Topic ingestion-S1 not present in metadata after 60000 ms.
[CDH-Ingest][1.2.0][2023-04-14 13:19:57,024][INFO ] [Producer clientId=producer-1] Disconnecting from node -1 due to request timeout. (NetworkClient.java:797 - kafka-producer-network-thread | producer-1)
[CDH-Ingest][1.2.0][2023-04-14 13:19:57,024][INFO ] [Producer clientId=producer-1] Cancelled in-flight INIT_PRODUCER_ID request with correlation id 18 due to node -1 being disconnected (elapsed time since creation: 30024ms, elapsed time since send: 30024ms, request timeout: 30000ms) (NetworkClient.java:341 - kafka-producer-network-thread | producer-1)
[CDH-Ingest][1.2.0][2023-04-14 13:19:57,025][INFO ] [Producer clientId=producer-1] Cancelled in-flight METADATA request with correlation id 19 due to node -1 being disconnected (elapsed time since creation: 29924ms, elapsed time since send: 29924ms, request timeout: 30000ms) (NetworkClient.java:341 - kafka-producer-network-thread | producer-1)
[CDH-Ingest][1.2.0][2023-04-14 13:19:57,025][WARN ] [Producer clientId=producer-1] Bootstrap broker 10.144.1.99:9092 (id: -1 rack: null) disconnected (NetworkClient.java:1065 - kafka-producer-network-thread | producer-1)
[CDH-Ingest][1.2.0][2023-04-14 13:19:57,227][WARN ] [Producer clientId=producer-1] Error while fetching metadata with correlation id 21 : {ingestion-S1=INVALID_REPLICATION_FACTOR} (NetworkClient.java:1105 - kafka-producer-network-thread | producer-1)
[CDH-Ingest][1.2.0][2023-04-14 13:20:27,305][INFO ] [Producer clientId=producer-1] Disconnecting from node -1 due to request timeout. (NetworkClient.java:797 - kafka-producer-network-thread | producer-1)
[CDH-Ingest][1.2.0][2023-04-14 13:20:27,305][INFO ] [Producer clientId=producer-1] Cancelled in-flight INIT_PRODUCER_ID request with correlation id 22 due to node -1 being disconnected (elapsed time since creation: 30078ms, elapsed time since send: 30078ms, request timeout: 30000ms) (NetworkClient.java:341 - kafka-producer-network-thread | producer-1)
[CDH-Ingest][1.2.0][2023-04-14 13:20:27,306][INFO ] [Producer clientId=producer-1] Cancelled in-flight METADATA request with correlation id 23 due to node -1 being disconnected (elapsed time since creation: 29977ms, elapsed time since send: 29977ms, request timeout: 30000ms) (NetworkClient.java:341 - kafka-producer-network-thread | producer-1)
[CDH-Ingest][1.2.0][2023-04-14 13:20:27,306][WARN ] [Producer clientId=producer-1] Bootstrap broker 10.144.1.99:9092 (id: -1 rack: null) disconnected (NetworkClient.java:1065 - kafka-producer-network-thread | producer-1)
[CDH-Ingest][1.2.0][2023-04-14 13:20:27,508][WARN ] [Producer clientId=producer-1] Error while fetching metadata with correlation id 25 : {ingestion-S1=INVALID_REPLICATION_FACTOR} (NetworkClient.java:1105 - kafka-producer-network-thread | producer-1)
[CDH-Ingest][1.2.0][2023-04-14 13:20:28,141][ERROR] An error occured in producer (KafkaIngesterProducer.java:220 - pool-3-thread-1)
java.util.concurrent.ExecutionException: org.apache.kafka.common.errors.TimeoutException: Topic ingestion-S1 not present in metadata after 60000 ms.
	at org.apache.kafka.clients.producer.KafkaProducer$FutureFailure.<init>(KafkaProducer.java:1442)
	at org.apache.kafka.clients.producer.KafkaProducer.doSend(KafkaProducer.java:1084)
	at org.apache.kafka.clients.producer.KafkaProducer.send(KafkaProducer.java:962)
	at org.apache.kafka.clients.producer.KafkaProducer.send(KafkaProducer.java:847)
	at fr.gael.gss.ingest.kafka.KafkaIngestProducer.send(KafkaIngestProducer.java:50)
	at fr.gael.gss.ingest.producer.KafkaIngesterProducer.lambda$start$0(KafkaIngesterProducer.java:207)
	at java.base/java.util.concurrent.Executors$RunnableAdapter.call(Executors.java:539)
	at java.base/java.util.concurrent.FutureTask.runAndReset(FutureTask.java:305)
	at java.base/java.util.concurrent.ScheduledThreadPoolExecutor$ScheduledFutureTask.run(ScheduledThreadPoolExecutor.java:305)
	at java.base/java.util.concurrent.ThreadPoolExecutor.runWorker(ThreadPoolExecutor.java:1136)
	at java.base/java.util.concurrent.ThreadPoolExecutor$Worker.run(ThreadPoolExecutor.java:635)
	at java.base/java.lang.Thread.run(Thread.java:833)
Caused by: org.apache.kafka.common.errors.TimeoutException: Topic ingestion-S1 not present in metadata after 60000 ms.
[CDH-Ingest][1.2.0][2023-04-14 13:20:57,605][INFO ] [Producer clientId=producer-1] Disconnecting from node -1 due to request timeout. (NetworkClient.java:797 - kafka-producer-network-thread | producer-1)
[CDH-Ingest][1.2.0][2023-04-14 13:20:57,606][INFO ] [Producer clientId=producer-1] Cancelled in-flight INIT_PRODUCER_ID request with correlation id 26 due to node -1 being disconnected (elapsed time since creation: 30097ms, elapsed time since send: 30097ms, request timeout: 30000ms) (NetworkClient.java:341 - kafka-producer-network-thread | producer-1)
[CDH-Ingest][1.2.0][2023-04-14 13:20:57,606][INFO ] [Producer clientId=producer-1] Cancelled in-flight METADATA request with correlation id 27 due to node -1 being disconnected (elapsed time since creation: 29996ms, elapsed time since send: 29996ms, request timeout: 30000ms) (NetworkClient.java:341 - kafka-producer-network-thread | producer-1)
[CDH-Ingest][1.2.0][2023-04-14 13:20:57,607][WARN ] [Producer clientId=producer-1] Bootstrap broker 10.144.1.99:9092 (id: -1 rack: null) disconnected (NetworkClient.java:1065 - kafka-producer-network-thread | producer-1)
[CDH-Ingest][1.2.0][2023-04-14 13:20:57,808][WARN ] [Producer clientId=producer-1] Error while fetching metadata with correlation id 29 : {ingestion-S1=INVALID_REPLICATION_FACTOR} (NetworkClient.java:1105 - kafka-producer-network-thread | producer-1)
[CDH-Ingest][1.2.0][2023-04-14 13:21:27,888][INFO ] [Producer clientId=producer-1] Disconnecting from node -1 due to request timeout. (NetworkClient.java:797 - kafka-producer-network-thread | producer-1)
[CDH-Ingest][1.2.0][2023-04-14 13:21:27,889][INFO ] [Producer clientId=producer-1] Cancelled in-flight INIT_PRODUCER_ID request with correlation id 30 due to node -1 being disconnected (elapsed time since creation: 30081ms, elapsed time since send: 30081ms, request timeout: 30000ms) (NetworkClient.java:341 - kafka-producer-network-thread | producer-1)
[CDH-Ingest][1.2.0][2023-04-14 13:21:27,889][INFO ] [Producer clientId=producer-1] Cancelled in-flight METADATA request with correlation id 31 due to node -1 being disconnected (elapsed time since creation: 29980ms, elapsed time since send: 29980ms, request timeout: 30000ms) (NetworkClient.java:341 - kafka-producer-network-thread | producer-1)
[CDH-Ingest][1.2.0][2023-04-14 13:21:27,889][WARN ] [Producer clientId=producer-1] Bootstrap broker 10.144.1.99:9092 (id: -1 rack: null) disconnected (NetworkClient.java:1065 - kafka-producer-network-thread | producer-1)
[CDH-Ingest][1.2.0][2023-04-14 13:21:28,092][WARN ] [Producer clientId=producer-1] Error while fetching metadata with correlation id 33 : {ingestion-S1=INVALID_REPLICATION_FACTOR} (NetworkClient.java:1105 - kafka-producer-network-thread | producer-1)
[CDH-Ingest][1.2.0][2023-04-14 13:21:28,333][ERROR] An error occured in producer (KafkaIngesterProducer.java:220 - pool-3-thread-1)
java.util.concurrent.ExecutionException: org.apache.kafka.common.errors.TimeoutException: Topic ingestion-S1 not present in metadata after 60000 ms.
	at org.apache.kafka.clients.producer.KafkaProducer$FutureFailure.<init>(KafkaProducer.java:1442)
	at org.apache.kafka.clients.producer.KafkaProducer.doSend(KafkaProducer.java:1084)
	at org.apache.kafka.clients.producer.KafkaProducer.send(KafkaProducer.java:962)
	at org.apache.kafka.clients.producer.KafkaProducer.send(KafkaProducer.java:847)
	at fr.gael.gss.ingest.kafka.KafkaIngestProducer.send(KafkaIngestProducer.java:50)
	at fr.gael.gss.ingest.producer.KafkaIngesterProducer.lambda$start$0(KafkaIngesterProducer.java:207)
	at java.base/java.util.concurrent.Executors$RunnableAdapter.call(Executors.java:539)
	at java.base/java.util.concurrent.FutureTask.runAndReset(FutureTask.java:305)
	at java.base/java.util.concurrent.ScheduledThreadPoolExecutor$ScheduledFutureTask.run(ScheduledThreadPoolExecutor.java:305)
	at java.base/java.util.concurrent.ThreadPoolExecutor.runWorker(ThreadPoolExecutor.java:1136)
	at java.base/java.util.concurrent.ThreadPoolExecutor$Worker.run(ThreadPoolExecutor.java:635)
	at java.base/java.lang.Thread.run(Thread.java:833)
Caused by: org.apache.kafka.common.errors.TimeoutException: Topic ingestion-S1 not present in metadata after 60000 ms.
[CDH-Ingest][1.2.0][2023-04-14 13:21:58,126][INFO ] [Producer clientId=producer-1] Disconnecting from node -1 due to request timeout. (NetworkClient.java:797 - kafka-producer-network-thread | producer-1)
[CDH-Ingest][1.2.0][2023-04-14 13:21:58,127][INFO ] [Producer clientId=producer-1] Cancelled in-flight INIT_PRODUCER_ID request with correlation id 34 due to node -1 being disconnected (elapsed time since creation: 30035ms, elapsed time since send: 30035ms, request timeout: 30000ms) (NetworkClient.java:341 - kafka-producer-network-thread | producer-1)
[CDH-Ingest][1.2.0][2023-04-14 13:21:58,127][INFO ] [Producer clientId=producer-1] Cancelled in-flight METADATA request with correlation id 35 due to node -1 being disconnected (elapsed time since creation: 29933ms, elapsed time since send: 29933ms, request timeout: 30000ms) (NetworkClient.java:341 - kafka-producer-network-thread | producer-1)
[CDH-Ingest][1.2.0][2023-04-14 13:21:58,127][WARN ] [Producer clientId=producer-1] Bootstrap broker 10.144.1.99:9092 (id: -1 rack: null) disconnected (NetworkClient.java:1065 - kafka-producer-network-thread | producer-1)
[CDH-Ingest][1.2.0][2023-04-14 13:21:58,330][WARN ] [Producer clientId=producer-1] Error while fetching metadata with correlation id 37 : {ingestion-S1=INVALID_REPLICATION_FACTOR} (NetworkClient.java:1105 - kafka-producer-network-thread | producer-1)
[CDH-Ingest][1.2.0][2023-04-14 13:22:28,398][INFO ] [Producer clientId=producer-1] Disconnecting from node -1 due to request timeout. (NetworkClient.java:797 - kafka-producer-network-thread | producer-1)
[CDH-Ingest][1.2.0][2023-04-14 13:22:28,398][INFO ] [Producer clientId=producer-1] Cancelled in-flight INIT_PRODUCER_ID request with correlation id 38 due to node -1 being disconnected (elapsed time since creation: 30068ms, elapsed time since send: 30068ms, request timeout: 30000ms) (NetworkClient.java:341 - kafka-producer-network-thread | producer-1)
[CDH-Ingest][1.2.0][2023-04-14 13:22:28,399][INFO ] [Producer clientId=producer-1] Cancelled in-flight METADATA request with correlation id 39 due to node -1 being disconnected (elapsed time since creation: 29967ms, elapsed time since send: 29967ms, request timeout: 30000ms) (NetworkClient.java:341 - kafka-producer-network-thread | producer-1)
[CDH-Ingest][1.2.0][2023-04-14 13:22:28,399][WARN ] [Producer clientId=producer-1] Bootstrap broker 10.144.1.99:9092 (id: -1 rack: null) disconnected (NetworkClient.java:1065 - kafka-producer-network-thread | producer-1)
[CDH-Ingest][1.2.0][2023-04-14 13:22:28,455][ERROR] An error occured in producer (KafkaIngesterProducer.java:220 - pool-3-thread-1)
java.util.concurrent.ExecutionException: org.apache.kafka.common.errors.TimeoutException: Topic ingestion-S1 not present in metadata after 60000 ms.
	at org.apache.kafka.clients.producer.KafkaProducer$FutureFailure.<init>(KafkaProducer.java:1442)
	at org.apache.kafka.clients.producer.KafkaProducer.doSend(KafkaProducer.java:1084)
	at org.apache.kafka.clients.producer.KafkaProducer.send(KafkaProducer.java:962)
	at org.apache.kafka.clients.producer.KafkaProducer.send(KafkaProducer.java:847)
	at fr.gael.gss.ingest.kafka.KafkaIngestProducer.send(KafkaIngestProducer.java:50)
	at fr.gael.gss.ingest.producer.KafkaIngesterProducer.lambda$start$0(KafkaIngesterProducer.java:207)
	at java.base/java.util.concurrent.Executors$RunnableAdapter.call(Executors.java:539)
	at java.base/java.util.concurrent.FutureTask.runAndReset(FutureTask.java:305)
	at java.base/java.util.concurrent.ScheduledThreadPoolExecutor$ScheduledFutureTask.run(ScheduledThreadPoolExecutor.java:305)
	at java.base/java.util.concurrent.ThreadPoolExecutor.runWorker(ThreadPoolExecutor.java:1136)
	at java.base/java.util.concurrent.ThreadPoolExecutor$Worker.run(ThreadPoolExecutor.java:635)
	at java.base/java.lang.Thread.run(Thread.java:833)
Caused by: org.apache.kafka.common.errors.TimeoutException: Topic ingestion-S1 not present in metadata after 60000 ms.
[CDH-Ingest][1.2.0][2023-04-14 13:22:28,601][WARN ] [Producer clientId=producer-1] Error while fetching metadata with correlation id 41 : {ingestion-S1=INVALID_REPLICATION_FACTOR} (NetworkClient.java:1105 - kafka-producer-network-thread | producer-1)
[CDH-Ingest][1.2.0][2023-04-14 13:22:58,671][INFO ] [Producer clientId=producer-1] Disconnecting from node -1 due to request timeout. (NetworkClient.java:797 - kafka-producer-network-thread | producer-1)
[CDH-Ingest][1.2.0][2023-04-14 13:22:58,672][INFO ] [Producer clientId=producer-1] Cancelled in-flight INIT_PRODUCER_ID request with correlation id 42 due to node -1 being disconnected (elapsed time since creation: 30071ms, elapsed time since send: 30071ms, request timeout: 30000ms) (NetworkClient.java:341 - kafka-producer-network-thread | producer-1)
[CDH-Ingest][1.2.0][2023-04-14 13:22:58,672][INFO ] [Producer clientId=producer-1] Cancelled in-flight METADATA request with correlation id 43 due to node -1 being disconnected (elapsed time since creation: 29971ms, elapsed time since send: 29971ms, request timeout: 30000ms) (NetworkClient.java:341 - kafka-producer-network-thread | producer-1)
[CDH-Ingest][1.2.0][2023-04-14 13:22:58,672][WARN ] [Producer clientId=producer-1] Bootstrap broker 10.144.1.99:9092 (id: -1 rack: null) disconnected (NetworkClient.java:1065 - kafka-producer-network-thread | producer-1)
[CDH-Ingest][1.2.0][2023-04-14 13:22:58,874][WARN ] [Producer clientId=producer-1] Error while fetching metadata with correlation id 45 : {ingestion-S1=INVALID_REPLICATION_FACTOR} (NetworkClient.java:1105 - kafka-producer-network-thread | producer-1)
[CDH-Ingest][1.2.0][2023-04-14 13:23:28,589][ERROR] An error occured in producer (KafkaIngesterProducer.java:220 - pool-3-thread-1)
java.util.concurrent.ExecutionException: org.apache.kafka.common.errors.TimeoutException: Topic ingestion-S1 not present in metadata after 60000 ms.
	at org.apache.kafka.clients.producer.KafkaProducer$FutureFailure.<init>(KafkaProducer.java:1442)
	at org.apache.kafka.clients.producer.KafkaProducer.doSend(KafkaProducer.java:1084)
	at org.apache.kafka.clients.producer.KafkaProducer.send(KafkaProducer.java:962)
	at org.apache.kafka.clients.producer.KafkaProducer.send(KafkaProducer.java:847)
	at fr.gael.gss.ingest.kafka.KafkaIngestProducer.send(KafkaIngestProducer.java:50)
	at fr.gael.gss.ingest.producer.KafkaIngesterProducer.lambda$start$0(KafkaIngesterProducer.java:207)
	at java.base/java.util.concurrent.Executors$RunnableAdapter.call(Executors.java:539)
	at java.base/java.util.concurrent.FutureTask.runAndReset(FutureTask.java:305)
	at java.base/java.util.concurrent.ScheduledThreadPoolExecutor$ScheduledFutureTask.run(ScheduledThreadPoolExecutor.java:305)
	at java.base/java.util.concurrent.ThreadPoolExecutor.runWorker(ThreadPoolExecutor.java:1136)
	at java.base/java.util.concurrent.ThreadPoolExecutor$Worker.run(ThreadPoolExecutor.java:635)
	at java.base/java.lang.Thread.run(Thread.java:833)
Caused by: org.apache.kafka.common.errors.TimeoutException: Topic ingestion-S1 not present in metadata after 60000 ms.
[CDH-Ingest][1.2.0][2023-04-14 13:23:28,947][INFO ] [Producer clientId=producer-1] Disconnecting from node -1 due to request timeout. (NetworkClient.java:797 - kafka-producer-network-thread | producer-1)
[CDH-Ingest][1.2.0][2023-04-14 13:23:28,947][INFO ] [Producer clientId=producer-1] Cancelled in-flight INIT_PRODUCER_ID request with correlation id 46 due to node -1 being disconnected (elapsed time since creation: 30073ms, elapsed time since send: 30073ms, request timeout: 30000ms) (NetworkClient.java:341 - kafka-producer-network-thread | producer-1)
[CDH-Ingest][1.2.0][2023-04-14 13:23:28,947][INFO ] [Producer clientId=producer-1] Cancelled in-flight METADATA request with correlation id 47 due to node -1 being disconnected (elapsed time since creation: 29972ms, elapsed time since send: 29972ms, request timeout: 30000ms) (NetworkClient.java:341 - kafka-producer-network-thread | producer-1)
[CDH-Ingest][1.2.0][2023-04-14 13:23:28,948][WARN ] [Producer clientId=producer-1] Bootstrap broker 10.144.1.99:9092 (id: -1 rack: null) disconnected (NetworkClient.java:1065 - kafka-producer-network-thread | producer-1)
[CDH-Ingest][1.2.0][2023-04-14 13:23:29,149][WARN ] [Producer clientId=producer-1] Error while fetching metadata with correlation id 49 : {ingestion-S1=INVALID_REPLICATION_FACTOR} (NetworkClient.java:1105 - kafka-producer-network-thread | producer-1)
[CDH-Ingest][1.2.0][2023-04-14 13:23:59,220][INFO ] [Producer clientId=producer-1] Disconnecting from node -1 due to request timeout. (NetworkClient.java:797 - kafka-producer-network-thread | producer-1)
[CDH-Ingest][1.2.0][2023-04-14 13:23:59,221][INFO ] [Producer clientId=producer-1] Cancelled in-flight INIT_PRODUCER_ID request with correlation id 50 due to node -1 being disconnected (elapsed time since creation: 30072ms, elapsed time since send: 30072ms, request timeout: 30000ms) (NetworkClient.java:341 - kafka-producer-network-thread | producer-1)
[CDH-Ingest][1.2.0][2023-04-14 13:23:59,221][INFO ] [Producer clientId=producer-1] Cancelled in-flight METADATA request with correlation id 51 due to node -1 being disconnected (elapsed time since creation: 29970ms, elapsed time since send: 29970ms, request timeout: 30000ms) (NetworkClient.java:341 - kafka-producer-network-thread | producer-1)
[CDH-Ingest][1.2.0][2023-04-14 13:23:59,221][WARN ] [Producer clientId=producer-1] Bootstrap broker 10.144.1.99:9092 (id: -1 rack: null) disconnected (NetworkClient.java:1065 - kafka-producer-network-thread | producer-1)
[CDH-Ingest][1.2.0][2023-04-14 13:23:59,424][WARN ] [Producer clientId=producer-1] Error while fetching metadata with correlation id 53 : {ingestion-S1=INVALID_REPLICATION_FACTOR} (NetworkClient.java:1105 - kafka-producer-network-thread | producer-1)
[CDH-Ingest][1.2.0][2023-04-14 13:24:28,746][ERROR] An error occured in producer (KafkaIngesterProducer.java:220 - pool-3-thread-1)
java.util.concurrent.ExecutionException: org.apache.kafka.common.errors.TimeoutException: Topic ingestion-S1 not present in metadata after 60000 ms.
	at org.apache.kafka.clients.producer.KafkaProducer$FutureFailure.<init>(KafkaProducer.java:1442)
	at org.apache.kafka.clients.producer.KafkaProducer.doSend(KafkaProducer.java:1084)
	at org.apache.kafka.clients.producer.KafkaProducer.send(KafkaProducer.java:962)
	at org.apache.kafka.clients.producer.KafkaProducer.send(KafkaProducer.java:847)
	at fr.gael.gss.ingest.kafka.KafkaIngestProducer.send(KafkaIngestProducer.java:50)
	at fr.gael.gss.ingest.producer.KafkaIngesterProducer.lambda$start$0(KafkaIngesterProducer.java:207)
	at java.base/java.util.concurrent.Executors$RunnableAdapter.call(Executors.java:539)
	at java.base/java.util.concurrent.FutureTask.runAndReset(FutureTask.java:305)
	at java.base/java.util.concurrent.ScheduledThreadPoolExecutor$ScheduledFutureTask.run(ScheduledThreadPoolExecutor.java:305)
	at java.base/java.util.concurrent.ThreadPoolExecutor.runWorker(ThreadPoolExecutor.java:1136)
	at java.base/java.util.concurrent.ThreadPoolExecutor$Worker.run(ThreadPoolExecutor.java:635)
	at java.base/java.lang.Thread.run(Thread.java:833)
Caused by: org.apache.kafka.common.errors.TimeoutException: Topic ingestion-S1 not present in metadata after 60000 ms.
[CDH-Ingest][1.2.0][2023-04-14 13:24:29,462][INFO ] [Producer clientId=producer-1] Disconnecting from node -1 due to request timeout. (NetworkClient.java:797 - kafka-producer-network-thread | producer-1)
[CDH-Ingest][1.2.0][2023-04-14 13:24:29,462][INFO ] [Producer clientId=producer-1] Cancelled in-flight INIT_PRODUCER_ID request with correlation id 54 due to node -1 being disconnected (elapsed time since creation: 30038ms, elapsed time since send: 30038ms, request timeout: 30000ms) (NetworkClient.java:341 - kafka-producer-network-thread | producer-1)
[CDH-Ingest][1.2.0][2023-04-14 13:24:29,463][INFO ] [Producer clientId=producer-1] Cancelled in-flight METADATA request with correlation id 55 due to node -1 being disconnected (elapsed time since creation: 29937ms, elapsed time since send: 29937ms, request timeout: 30000ms) (NetworkClient.java:341 - kafka-producer-network-thread | producer-1)
[CDH-Ingest][1.2.0][2023-04-14 13:24:29,463][WARN ] [Producer clientId=producer-1] Bootstrap broker 10.144.1.99:9092 (id: -1 rack: null) disconnected (NetworkClient.java:1065 - kafka-producer-network-thread | producer-1)
[CDH-Ingest][1.2.0][2023-04-14 13:24:29,666][WARN ] [Producer clientId=producer-1] Error while fetching metadata with correlation id 57 : {ingestion-S1=INVALID_REPLICATION_FACTOR} (NetworkClient.java:1105 - kafka-producer-network-thread | producer-1)
[CDH-Ingest][1.2.0][2023-04-14 13:24:59,742][INFO ] [Producer clientId=producer-1] Disconnecting from node -1 due to request timeout. (NetworkClient.java:797 - kafka-producer-network-thread | producer-1)
[CDH-Ingest][1.2.0][2023-04-14 13:24:59,743][INFO ] [Producer clientId=producer-1] Cancelled in-flight INIT_PRODUCER_ID request with correlation id 58 due to node -1 being disconnected (elapsed time since creation: 30077ms, elapsed time since send: 30077ms, request timeout: 30000ms) (NetworkClient.java:341 - kafka-producer-network-thread | producer-1)
[CDH-Ingest][1.2.0][2023-04-14 13:24:59,743][INFO ] [Producer clientId=producer-1] Cancelled in-flight METADATA request with correlation id 59 due to node -1 being disconnected (elapsed time since creation: 29977ms, elapsed time since send: 29977ms, request timeout: 30000ms) (NetworkClient.java:341 - kafka-producer-network-thread | producer-1)
[CDH-Ingest][1.2.0][2023-04-14 13:24:59,743][WARN ] [Producer clientId=producer-1] Bootstrap broker 10.144.1.99:9092 (id: -1 rack: null) disconnected (NetworkClient.java:1065 - kafka-producer-network-thread | producer-1)
[CDH-Ingest][1.2.0][2023-04-14 13:24:59,946][WARN ] [Producer clientId=producer-1] Error while fetching metadata with correlation id 61 : {ingestion-S1=INVALID_REPLICATION_FACTOR} (NetworkClient.java:1105 - kafka-producer-network-thread | producer-1)
[CDH-Ingest][1.2.0][2023-04-14 13:25:28,860][ERROR] An error occured in producer (KafkaIngesterProducer.java:220 - pool-3-thread-1)
java.util.concurrent.ExecutionException: org.apache.kafka.common.errors.TimeoutException: Topic ingestion-S1 not present in metadata after 60000 ms.
	at org.apache.kafka.clients.producer.KafkaProducer$FutureFailure.<init>(KafkaProducer.java:1442)
	at org.apache.kafka.clients.producer.KafkaProducer.doSend(KafkaProducer.java:1084)
	at org.apache.kafka.clients.producer.KafkaProducer.send(KafkaProducer.java:962)
	at org.apache.kafka.clients.producer.KafkaProducer.send(KafkaProducer.java:847)
	at fr.gael.gss.ingest.kafka.KafkaIngestProducer.send(KafkaIngestProducer.java:50)
	at fr.gael.gss.ingest.producer.KafkaIngesterProducer.lambda$start$0(KafkaIngesterProducer.java:207)
	at java.base/java.util.concurrent.Executors$RunnableAdapter.call(Executors.java:539)
	at java.base/java.util.concurrent.FutureTask.runAndReset(FutureTask.java:305)
	at java.base/java.util.concurrent.ScheduledThreadPoolExecutor$ScheduledFutureTask.run(ScheduledThreadPoolExecutor.java:305)
	at java.base/java.util.concurrent.ThreadPoolExecutor.runWorker(ThreadPoolExecutor.java:1136)
	at java.base/java.util.concurrent.ThreadPoolExecutor$Worker.run(ThreadPoolExecutor.java:635)
	at java.base/java.lang.Thread.run(Thread.java:833)
Caused by: org.apache.kafka.common.errors.TimeoutException: Topic ingestion-S1 not present in metadata after 60000 ms.
[CDH-Ingest][1.2.0][2023-04-14 13:25:30,012][INFO ] [Producer clientId=producer-1] Disconnecting from node -1 due to request timeout. (NetworkClient.java:797 - kafka-producer-network-thread | producer-1)
[CDH-Ingest][1.2.0][2023-04-14 13:25:30,013][INFO ] [Producer clientId=producer-1] Cancelled in-flight INIT_PRODUCER_ID request with correlation id 62 due to node -1 being disconnected (elapsed time since creation: 30067ms, elapsed time since send: 30067ms, request timeout: 30000ms) (NetworkClient.java:341 - kafka-producer-network-thread | producer-1)
[CDH-Ingest][1.2.0][2023-04-14 13:25:30,013][INFO ] [Producer clientId=producer-1] Cancelled in-flight METADATA request with correlation id 63 due to node -1 being disconnected (elapsed time since creation: 29965ms, elapsed time since send: 29965ms, request timeout: 30000ms) (NetworkClient.java:341 - kafka-producer-network-thread | producer-1)
[CDH-Ingest][1.2.0][2023-04-14 13:25:30,013][WARN ] [Producer clientId=producer-1] Bootstrap broker 10.144.1.99:9092 (id: -1 rack: null) disconnected (NetworkClient.java:1065 - kafka-producer-network-thread | producer-1)
[CDH-Ingest][1.2.0][2023-04-14 13:25:30,216][WARN ] [Producer clientId=producer-1] Error while fetching metadata with correlation id 65 : {ingestion-S1=INVALID_REPLICATION_FACTOR} (NetworkClient.java:1105 - kafka-producer-network-thread | producer-1)
[CDH-Ingest][1.2.0][2023-04-14 13:26:00,286][INFO ] [Producer clientId=producer-1] Disconnecting from node -1 due to request timeout. (NetworkClient.java:797 - kafka-producer-network-thread | producer-1)
[CDH-Ingest][1.2.0][2023-04-14 13:26:00,287][INFO ] [Producer clientId=producer-1] Cancelled in-flight INIT_PRODUCER_ID request with correlation id 66 due to node -1 being disconnected (elapsed time since creation: 30070ms, elapsed time since send: 30070ms, request timeout: 30000ms) (NetworkClient.java:341 - kafka-producer-network-thread | producer-1)
[CDH-Ingest][1.2.0][2023-04-14 13:26:00,287][INFO ] [Producer clientId=producer-1] Cancelled in-flight METADATA request with correlation id 67 due to node -1 being disconnected (elapsed time since creation: 29970ms, elapsed time since send: 29970ms, request timeout: 30000ms) (NetworkClient.java:341 - kafka-producer-network-thread | producer-1)
[CDH-Ingest][1.2.0][2023-04-14 13:26:00,287][WARN ] [Producer clientId=producer-1] Bootstrap broker 10.144.1.99:9092 (id: -1 rack: null) disconnected (NetworkClient.java:1065 - kafka-producer-network-thread | producer-1)
[CDH-Ingest][1.2.0][2023-04-14 13:26:00,491][WARN ] [Producer clientId=producer-1] Error while fetching metadata with correlation id 69 : {ingestion-S1=INVALID_REPLICATION_FACTOR} (NetworkClient.java:1105 - kafka-producer-network-thread | producer-1)
[CDH-Ingest][1.2.0][2023-04-14 13:26:29,010][ERROR] An error occured in producer (KafkaIngesterProducer.java:220 - pool-3-thread-1)
java.util.concurrent.ExecutionException: org.apache.kafka.common.errors.TimeoutException: Topic ingestion-S1 not present in metadata after 60000 ms.
	at org.apache.kafka.clients.producer.KafkaProducer$FutureFailure.<init>(KafkaProducer.java:1442)
	at org.apache.kafka.clients.producer.KafkaProducer.doSend(KafkaProducer.java:1084)
	at org.apache.kafka.clients.producer.KafkaProducer.send(KafkaProducer.java:962)
	at org.apache.kafka.clients.producer.KafkaProducer.send(KafkaProducer.java:847)
	at fr.gael.gss.ingest.kafka.KafkaIngestProducer.send(KafkaIngestProducer.java:50)
	at fr.gael.gss.ingest.producer.KafkaIngesterProducer.lambda$start$0(KafkaIngesterProducer.java:207)
	at java.base/java.util.concurrent.Executors$RunnableAdapter.call(Executors.java:539)
	at java.base/java.util.concurrent.FutureTask.runAndReset(FutureTask.java:305)
	at java.base/java.util.concurrent.ScheduledThreadPoolExecutor$ScheduledFutureTask.run(ScheduledThreadPoolExecutor.java:305)
	at java.base/java.util.concurrent.ThreadPoolExecutor.runWorker(ThreadPoolExecutor.java:1136)
	at java.base/java.util.concurrent.ThreadPoolExecutor$Worker.run(ThreadPoolExecutor.java:635)
	at java.base/java.lang.Thread.run(Thread.java:833)
Caused by: org.apache.kafka.common.errors.TimeoutException: Topic ingestion-S1 not present in metadata after 60000 ms.
[CDH-Ingest][1.2.0][2023-04-14 13:26:30,546][INFO ] [Producer clientId=producer-1] Disconnecting from node -1 due to request timeout. (NetworkClient.java:797 - kafka-producer-network-thread | producer-1)
[CDH-Ingest][1.2.0][2023-04-14 13:26:30,546][INFO ] [Producer clientId=producer-1] Cancelled in-flight INIT_PRODUCER_ID request with correlation id 70 due to node -1 being disconnected (elapsed time since creation: 30056ms, elapsed time since send: 30056ms, request timeout: 30000ms) (NetworkClient.java:341 - kafka-producer-network-thread | producer-1)
[CDH-Ingest][1.2.0][2023-04-14 13:26:30,547][INFO ] [Producer clientId=producer-1] Cancelled in-flight METADATA request with correlation id 71 due to node -1 being disconnected (elapsed time since creation: 29955ms, elapsed time since send: 29955ms, request timeout: 30000ms) (NetworkClient.java:341 - kafka-producer-network-thread | producer-1)
[CDH-Ingest][1.2.0][2023-04-14 13:26:30,547][WARN ] [Producer clientId=producer-1] Bootstrap broker 10.144.1.99:9092 (id: -1 rack: null) disconnected (NetworkClient.java:1065 - kafka-producer-network-thread | producer-1)
[CDH-Ingest][1.2.0][2023-04-14 13:26:30,750][WARN ] [Producer clientId=producer-1] Error while fetching metadata with correlation id 73 : {ingestion-S1=INVALID_REPLICATION_FACTOR} (NetworkClient.java:1105 - kafka-producer-network-thread | producer-1)
[CDH-Ingest][1.2.0][2023-04-14 13:27:00,820][INFO ] [Producer clientId=producer-1] Disconnecting from node -1 due to request timeout. (NetworkClient.java:797 - kafka-producer-network-thread | producer-1)
[CDH-Ingest][1.2.0][2023-04-14 13:27:00,820][INFO ] [Producer clientId=producer-1] Cancelled in-flight INIT_PRODUCER_ID request with correlation id 74 due to node -1 being disconnected (elapsed time since creation: 30071ms, elapsed time since send: 30071ms, request timeout: 30000ms) (NetworkClient.java:341 - kafka-producer-network-thread | producer-1)
[CDH-Ingest][1.2.0][2023-04-14 13:27:00,821][INFO ] [Producer clientId=producer-1] Cancelled in-flight METADATA request with correlation id 75 due to node -1 being disconnected (elapsed time since creation: 29971ms, elapsed time since send: 29971ms, request timeout: 30000ms) (NetworkClient.java:341 - kafka-producer-network-thread | producer-1)
[CDH-Ingest][1.2.0][2023-04-14 13:27:00,821][WARN ] [Producer clientId=producer-1] Bootstrap broker 10.144.1.99:9092 (id: -1 rack: null) disconnected (NetworkClient.java:1065 - kafka-producer-network-thread | producer-1)
[CDH-Ingest][1.2.0][2023-04-14 13:27:01,023][WARN ] [Producer clientId=producer-1] Error while fetching metadata with correlation id 77 : {ingestion-S1=INVALID_REPLICATION_FACTOR} (NetworkClient.java:1105 - kafka-producer-network-thread | producer-1)
[CDH-Ingest][1.2.0][2023-04-14 13:27:29,142][ERROR] An error occured in producer (KafkaIngesterProducer.java:220 - pool-3-thread-1)
java.util.concurrent.ExecutionException: org.apache.kafka.common.errors.TimeoutException: Topic ingestion-S1 not present in metadata after 60000 ms.
	at org.apache.kafka.clients.producer.KafkaProducer$FutureFailure.<init>(KafkaProducer.java:1442)
	at org.apache.kafka.clients.producer.KafkaProducer.doSend(KafkaProducer.java:1084)
	at org.apache.kafka.clients.producer.KafkaProducer.send(KafkaProducer.java:962)
	at org.apache.kafka.clients.producer.KafkaProducer.send(KafkaProducer.java:847)
	at fr.gael.gss.ingest.kafka.KafkaIngestProducer.send(KafkaIngestProducer.java:50)
	at fr.gael.gss.ingest.producer.KafkaIngesterProducer.lambda$start$0(KafkaIngesterProducer.java:207)
	at java.base/java.util.concurrent.Executors$RunnableAdapter.call(Executors.java:539)
	at java.base/java.util.concurrent.FutureTask.runAndReset(FutureTask.java:305)
	at java.base/java.util.concurrent.ScheduledThreadPoolExecutor$ScheduledFutureTask.run(ScheduledThreadPoolExecutor.java:305)
	at java.base/java.util.concurrent.ThreadPoolExecutor.runWorker(ThreadPoolExecutor.java:1136)
	at java.base/java.util.concurrent.ThreadPoolExecutor$Worker.run(ThreadPoolExecutor.java:635)
	at java.base/java.lang.Thread.run(Thread.java:833)
Caused by: org.apache.kafka.common.errors.TimeoutException: Topic ingestion-S1 not present in metadata after 60000 ms.
[CDH-Ingest][1.2.0][2023-04-14 13:27:31,083][INFO ] [Producer clientId=producer-1] Disconnecting from node -1 due to request timeout. (NetworkClient.java:797 - kafka-producer-network-thread | producer-1)
[CDH-Ingest][1.2.0][2023-04-14 13:27:31,083][INFO ] [Producer clientId=producer-1] Cancelled in-flight INIT_PRODUCER_ID request with correlation id 78 due to node -1 being disconnected (elapsed time since creation: 30059ms, elapsed time since send: 30059ms, request timeout: 30000ms) (NetworkClient.java:341 - kafka-producer-network-thread | producer-1)
[CDH-Ingest][1.2.0][2023-04-14 13:27:31,084][INFO ] [Producer clientId=producer-1] Cancelled in-flight METADATA request with correlation id 79 due to node -1 being disconnected (elapsed time since creation: 29959ms, elapsed time since send: 29959ms, request timeout: 30000ms) (NetworkClient.java:341 - kafka-producer-network-thread | producer-1)
[CDH-Ingest][1.2.0][2023-04-14 13:27:31,084][WARN ] [Producer clientId=producer-1] Bootstrap broker 10.144.1.99:9092 (id: -1 rack: null) disconnected (NetworkClient.java:1065 - kafka-producer-network-thread | producer-1)
[CDH-Ingest][1.2.0][2023-04-14 13:27:31,288][WARN ] [Producer clientId=producer-1] Error while fetching metadata with correlation id 81 : {ingestion-S1=INVALID_REPLICATION_FACTOR} (NetworkClient.java:1105 - kafka-producer-network-thread | producer-1)
[CDH-Ingest][1.2.0][2023-04-14 13:28:01,355][INFO ] [Producer clientId=producer-1] Disconnecting from node -1 due to request timeout. (NetworkClient.java:797 - kafka-producer-network-thread | producer-1)
[CDH-Ingest][1.2.0][2023-04-14 13:28:01,356][INFO ] [Producer clientId=producer-1] Cancelled in-flight INIT_PRODUCER_ID request with correlation id 82 due to node -1 being disconnected (elapsed time since creation: 30068ms, elapsed time since send: 30068ms, request timeout: 30000ms) (NetworkClient.java:341 - kafka-producer-network-thread | producer-1)
[CDH-Ingest][1.2.0][2023-04-14 13:28:01,356][INFO ] [Producer clientId=producer-1] Cancelled in-flight METADATA request with correlation id 83 due to node -1 being disconnected (elapsed time since creation: 29966ms, elapsed time since send: 29966ms, request timeout: 30000ms) (NetworkClient.java:341 - kafka-producer-network-thread | producer-1)
[CDH-Ingest][1.2.0][2023-04-14 13:28:01,356][WARN ] [Producer clientId=producer-1] Bootstrap broker 10.144.1.99:9092 (id: -1 rack: null) disconnected (NetworkClient.java:1065 - kafka-producer-network-thread | producer-1)
[CDH-Ingest][1.2.0][2023-04-14 13:28:01,560][WARN ] [Producer clientId=producer-1] Error while fetching metadata with correlation id 85 : {ingestion-S1=INVALID_REPLICATION_FACTOR} (NetworkClient.java:1105 - kafka-producer-network-thread | producer-1)
[CDH-Ingest][1.2.0][2023-04-14 13:28:29,278][ERROR] An error occured in producer (KafkaIngesterProducer.java:220 - pool-3-thread-1)
java.util.concurrent.ExecutionException: org.apache.kafka.common.errors.TimeoutException: Topic ingestion-S1 not present in metadata after 60000 ms.
	at org.apache.kafka.clients.producer.KafkaProducer$FutureFailure.<init>(KafkaProducer.java:1442)
	at org.apache.kafka.clients.producer.KafkaProducer.doSend(KafkaProducer.java:1084)
	at org.apache.kafka.clients.producer.KafkaProducer.send(KafkaProducer.java:962)
	at org.apache.kafka.clients.producer.KafkaProducer.send(KafkaProducer.java:847)
	at fr.gael.gss.ingest.kafka.KafkaIngestProducer.send(KafkaIngestProducer.java:50)
	at fr.gael.gss.ingest.producer.KafkaIngesterProducer.lambda$start$0(KafkaIngesterProducer.java:207)
	at java.base/java.util.concurrent.Executors$RunnableAdapter.call(Executors.java:539)
	at java.base/java.util.concurrent.FutureTask.runAndReset(FutureTask.java:305)
	at java.base/java.util.concurrent.ScheduledThreadPoolExecutor$ScheduledFutureTask.run(ScheduledThreadPoolExecutor.java:305)
	at java.base/java.util.concurrent.ThreadPoolExecutor.runWorker(ThreadPoolExecutor.java:1136)
	at java.base/java.util.concurrent.ThreadPoolExecutor$Worker.run(ThreadPoolExecutor.java:635)
	at java.base/java.lang.Thread.run(Thread.java:833)
Caused by: org.apache.kafka.common.errors.TimeoutException: Topic ingestion-S1 not present in metadata after 60000 ms.
[CDH-Ingest][1.2.0][2023-04-14 13:28:31,618][INFO ] [Producer clientId=producer-1] Disconnecting from node -1 due to request timeout. (NetworkClient.java:797 - kafka-producer-network-thread | producer-1)
[CDH-Ingest][1.2.0][2023-04-14 13:28:31,619][INFO ] [Producer clientId=producer-1] Cancelled in-flight INIT_PRODUCER_ID request with correlation id 86 due to node -1 being disconnected (elapsed time since creation: 30059ms, elapsed time since send: 30059ms, request timeout: 30000ms) (NetworkClient.java:341 - kafka-producer-network-thread | producer-1)
[CDH-Ingest][1.2.0][2023-04-14 13:28:31,619][INFO ] [Producer clientId=producer-1] Cancelled in-flight METADATA request with correlation id 87 due to node -1 being disconnected (elapsed time since creation: 29958ms, elapsed time since send: 29958ms, request timeout: 30000ms) (NetworkClient.java:341 - kafka-producer-network-thread | producer-1)
[CDH-Ingest][1.2.0][2023-04-14 13:28:31,619][WARN ] [Producer clientId=producer-1] Bootstrap broker 10.144.1.99:9092 (id: -1 rack: null) disconnected (NetworkClient.java:1065 - kafka-producer-network-thread | producer-1)
[CDH-Ingest][1.2.0][2023-04-14 13:28:31,822][WARN ] [Producer clientId=producer-1] Error while fetching metadata with correlation id 89 : {ingestion-S1=INVALID_REPLICATION_FACTOR} (NetworkClient.java:1105 - kafka-producer-network-thread | producer-1)
[CDH-Ingest][1.2.0][2023-04-14 13:29:01,880][INFO ] [Producer clientId=producer-1] Disconnecting from node -1 due to request timeout. (NetworkClient.java:797 - kafka-producer-network-thread | producer-1)
[CDH-Ingest][1.2.0][2023-04-14 13:29:01,881][INFO ] [Producer clientId=producer-1] Cancelled in-flight INIT_PRODUCER_ID request with correlation id 90 due to node -1 being disconnected (elapsed time since creation: 30059ms, elapsed time since send: 30059ms, request timeout: 30000ms) (NetworkClient.java:341 - kafka-producer-network-thread | producer-1)
[CDH-Ingest][1.2.0][2023-04-14 13:29:01,881][INFO ] [Producer clientId=producer-1] Cancelled in-flight METADATA request with correlation id 91 due to node -1 being disconnected (elapsed time since creation: 29958ms, elapsed time since send: 29958ms, request timeout: 30000ms) (NetworkClient.java:341 - kafka-producer-network-thread | producer-1)
[CDH-Ingest][1.2.0][2023-04-14 13:29:01,881][WARN ] [Producer clientId=producer-1] Bootstrap broker 10.144.1.99:9092 (id: -1 rack: null) disconnected (NetworkClient.java:1065 - kafka-producer-network-thread | producer-1)
[CDH-Ingest][1.2.0][2023-04-14 13:29:02,083][WARN ] [Producer clientId=producer-1] Error while fetching metadata with correlation id 93 : {ingestion-S1=INVALID_REPLICATION_FACTOR} (NetworkClient.java:1105 - kafka-producer-network-thread | producer-1)
[CDH-Ingest][1.2.0][2023-04-14 13:29:29,415][ERROR] An error occured in producer (KafkaIngesterProducer.java:220 - pool-3-thread-1)
java.util.concurrent.ExecutionException: org.apache.kafka.common.errors.TimeoutException: Topic ingestion-S1 not present in metadata after 60000 ms.
	at org.apache.kafka.clients.producer.KafkaProducer$FutureFailure.<init>(KafkaProducer.java:1442)
	at org.apache.kafka.clients.producer.KafkaProducer.doSend(KafkaProducer.java:1084)
	at org.apache.kafka.clients.producer.KafkaProducer.send(KafkaProducer.java:962)
	at org.apache.kafka.clients.producer.KafkaProducer.send(KafkaProducer.java:847)
	at fr.gael.gss.ingest.kafka.KafkaIngestProducer.send(KafkaIngestProducer.java:50)
	at fr.gael.gss.ingest.producer.KafkaIngesterProducer.lambda$start$0(KafkaIngesterProducer.java:207)
	at java.base/java.util.concurrent.Executors$RunnableAdapter.call(Executors.java:539)
	at java.base/java.util.concurrent.FutureTask.runAndReset(FutureTask.java:305)
	at java.base/java.util.concurrent.ScheduledThreadPoolExecutor$ScheduledFutureTask.run(ScheduledThreadPoolExecutor.java:305)
	at java.base/java.util.concurrent.ThreadPoolExecutor.runWorker(ThreadPoolExecutor.java:1136)
	at java.base/java.util.concurrent.ThreadPoolExecutor$Worker.run(ThreadPoolExecutor.java:635)
	at java.base/java.lang.Thread.run(Thread.java:833)
Caused by: org.apache.kafka.common.errors.TimeoutException: Topic ingestion-S1 not present in metadata after 60000 ms.
[CDH-Ingest][1.2.0][2023-04-14 13:29:32,139][INFO ] [Producer clientId=producer-1] Disconnecting from node -1 due to request timeout. (NetworkClient.java:797 - kafka-producer-network-thread | producer-1)
[CDH-Ingest][1.2.0][2023-04-14 13:29:32,139][INFO ] [Producer clientId=producer-1] Cancelled in-flight INIT_PRODUCER_ID request with correlation id 94 due to node -1 being disconnected (elapsed time since creation: 30056ms, elapsed time since send: 30056ms, request timeout: 30000ms) (NetworkClient.java:341 - kafka-producer-network-thread | producer-1)
[CDH-Ingest][1.2.0][2023-04-14 13:29:32,139][INFO ] [Producer clientId=producer-1] Cancelled in-flight METADATA request with correlation id 95 due to node -1 being disconnected (elapsed time since creation: 29956ms, elapsed time since send: 29956ms, request timeout: 30000ms) (NetworkClient.java:341 - kafka-producer-network-thread | producer-1)
[CDH-Ingest][1.2.0][2023-04-14 13:29:32,139][WARN ] [Producer clientId=producer-1] Bootstrap broker 10.144.1.99:9092 (id: -1 rack: null) disconnected (NetworkClient.java:1065 - kafka-producer-network-thread | producer-1)
[CDH-Ingest][1.2.0][2023-04-14 13:29:32,341][WARN ] [Producer clientId=producer-1] Error while fetching metadata with correlation id 97 : {ingestion-S1=INVALID_REPLICATION_FACTOR} (NetworkClient.java:1105 - kafka-producer-network-thread | producer-1)
